18.11.2025, 14:50:56 - INFO - hitting/api/bug/?pageIdx=1&sortDir=desc
18.11.2025, 14:50:58 - INFO - hitting/api/bug/?pageIdx=1&sortDir=desc
18.11.2025, 14:50:58 - INFO - hitting/api/bug/?pageIdx=1&sortDir=desc
18.11.2025, 14:50:58 - INFO - hitting/api/bug/?pageIdx=1&sortDir=desc
18.11.2025, 14:51:19 - INFO - hitting/api/bug/?pageIdx=1&sortDir=desc
18.11.2025, 14:51:33 - INFO - hitting/api/bug/?pageIdx=1&sortDir=desc
18.11.2025, 14:51:33 - INFO - hitting/api/bug/?pageIdx=1&sortDir=desc
18.11.2025, 14:51:34 - INFO - hitting/api/bug/?pageIdx=1&sortDir=desc
18.11.2025, 15:05:02 - INFO - hitting/api/bug/?pageIdx=1&sortDir=desc
18.11.2025, 15:05:03 - INFO - hitting/api/bug/?pageIdx=1&sortDir=desc
18.11.2025, 15:05:03 - INFO - hitting/api/bug/?pageIdx=1&sortDir=desc
18.11.2025, 15:05:08 - INFO - hitting/api/bug/
18.11.2025, 15:05:14 - INFO - hitting/api/bug/
18.11.2025, 15:05:39 - INFO - hitting/api/bug/?pageIdx=1&sortDir=desc
18.11.2025, 15:05:39 - INFO - hitting/api/bug/?pageIdx=1&sortDir=desc
18.11.2025, 15:05:40 - INFO - hitting/api/bug/?pageIdx=1&sortDir=desc
18.11.2025, 15:05:43 - INFO - hitting/api/bug/
18.11.2025, 15:28:36 - INFO - hitting/api/bug/?pageIdx=1&sortDir=desc
18.11.2025, 15:28:36 - INFO - hitting/api/bug/?pageIdx=1&sortDir=desc
18.11.2025, 15:28:37 - INFO - hitting/api/bug/?pageIdx=1&sortDir=desc
18.11.2025, 15:31:40 - INFO - hitting/api/bug/?pageIdx=1&sortDir=desc
18.11.2025, 15:31:40 - INFO - hitting/api/bug/?pageIdx=1&sortDir=desc
18.11.2025, 16:51:26 - INFO - hitting/api/bug/?pageIdx=1&sortDir=desc
18.11.2025, 16:51:26 - INFO - hitting/api/bug/?pageIdx=1&sortDir=desc
18.11.2025, 16:51:27 - INFO - hitting/api/bug/?pageIdx=1&sortDir=desc
18.11.2025, 22:21:16 - INFO - hitting/api/bug/?pageIdx=1&sortDir=desc
18.11.2025, 22:21:16 - INFO - hitting/api/bug/?pageIdx=1&sortDir=desc
18.11.2025, 22:21:17 - INFO - hitting/api/bug/?pageIdx=1&sortDir=desc
19.11.2025, 21:52:20 - INFO - hitting/api/bug/?pageIdx=1&sortDir=desc
19.11.2025, 21:52:24 - INFO - hitting/api/bug/?pageIdx=2&sortDir=desc
19.11.2025, 21:52:26 - INFO - hitting/api/bug/?pageIdx=1&sortDir=desc
19.11.2025, 21:52:26 - INFO - hitting/api/bug/?pageIdx=3&sortDir=desc
19.11.2025, 21:52:27 - INFO - hitting/api/bug/?pageIdx=2&sortDir=desc
19.11.2025, 21:52:28 - INFO - hitting/api/bug/?pageIdx=1&sortDir=desc
19.11.2025, 21:52:28 - INFO - hitting/api/bug/?pageIdx=1&sortDir=desc
19.11.2025, 21:52:29 - INFO - hitting/api/bug/?pageIdx=1&sortDir=desc
19.11.2025, 21:52:30 - INFO - hitting/api/bug/?pageIdx=1&sortDir=desc
19.11.2025, 21:52:30 - INFO - hitting/api/bug/?pageIdx=1&sortDir=desc
19.11.2025, 21:52:30 - INFO - hitting/api/bug/?pageIdx=1&sortDir=desc
19.11.2025, 21:52:49 - INFO - hitting/api/bug/?pageIdx=1&sortDir=desc
19.11.2025, 21:52:49 - INFO - hitting/api/bug/?pageIdx=1&sortDir=desc
19.11.2025, 21:52:50 - INFO - hitting/api/bug/?pageIdx=1&sortDir=desc
19.11.2025, 21:53:09 - INFO - hitting/api/bug/?pageIdx=1&sortDir=desc
19.11.2025, 21:53:09 - INFO - hitting/api/bug/?pageIdx=1&sortDir=desc
19.11.2025, 21:53:27 - INFO - hitting/api/bug/?pageIdx=1&sortDir=desc
19.11.2025, 21:53:27 - INFO - hitting/api/bug/?pageIdx=1&sortDir=desc
19.11.2025, 21:53:37 - INFO - hitting/api/bug/?pageIdx=1&sortDir=desc
19.11.2025, 21:53:37 - INFO - hitting/api/bug/?pageIdx=1&sortDir=desc
19.11.2025, 21:53:38 - INFO - hitting/api/bug/?pageIdx=1&sortDir=desc
19.11.2025, 21:53:55 - INFO - hitting/api/bug/?pageIdx=1&sortDir=desc
19.11.2025, 21:53:55 - INFO - hitting/api/bug/?pageIdx=1&sortDir=desc
19.11.2025, 21:53:56 - INFO - hitting/api/bug/?pageIdx=1&sortDir=desc
19.11.2025, 21:53:57 - INFO - hitting/api/bug/?pageIdx=1&sortDir=desc
19.11.2025, 21:53:57 - INFO - hitting/api/bug/?pageIdx=1&sortDir=desc
19.11.2025, 21:53:57 - INFO - hitting/api/bug/?pageIdx=1&sortDir=desc
19.11.2025, 21:55:55 - INFO - hitting/api/bug/?pageIdx=1&sortDir=desc
19.11.2025, 21:55:55 - INFO - hitting/api/bug/?pageIdx=1&sortDir=desc
19.11.2025, 21:55:56 - INFO - hitting/api/bug/?pageIdx=1&sortDir=desc
19.11.2025, 21:56:00 - INFO - hitting/api/bug/?filterBy%5Btitle%5D=App&pageIdx=1&sortDir=desc
19.11.2025, 21:56:05 - INFO - hitting/api/bug/?filterBy%5Btitle%5D=&pageIdx=1&sortDir=desc
19.11.2025, 21:56:07 - INFO - hitting/api/bug/?filterBy%5Btitle%5D=App&pageIdx=1&sortDir=desc
19.11.2025, 22:00:43 - INFO - hitting/api/bug/?pageIdx=1&sortDir=desc
19.11.2025, 22:00:43 - INFO - hitting/api/bug/?pageIdx=1&sortDir=desc
19.11.2025, 22:00:43 - INFO - hitting/api/bug/?pageIdx=1&sortDir=desc
19.11.2025, 22:01:07 - INFO - hitting/api/bug/?pageIdx=1&sortDir=desc
19.11.2025, 22:01:07 - INFO - hitting/api/bug/?pageIdx=1&sortDir=desc
19.11.2025, 22:01:07 - INFO - hitting/api/bug/?pageIdx=1&sortDir=desc
19.11.2025, 22:02:54 - INFO - hitting/api/bug/?pageIdx=1&sortDir=desc
19.11.2025, 22:02:54 - INFO - hitting/api/bug/?pageIdx=1&sortDir=desc
19.11.2025, 22:02:55 - INFO - hitting/api/bug/?pageIdx=1&sortDir=desc
19.11.2025, 22:05:30 - INFO - hitting/api/bug/?pageIdx=1&sortDir=desc
19.11.2025, 22:05:30 - INFO - hitting/api/bug/?pageIdx=1&sortDir=desc
19.11.2025, 22:05:30 - INFO - hitting/api/bug/?pageIdx=1&sortDir=desc
19.11.2025, 22:05:38 - INFO - hitting/api/bug/?pageIdx=1&sortDir=desc
19.11.2025, 22:05:38 - INFO - hitting/api/bug/?pageIdx=1&sortDir=desc
19.11.2025, 22:05:39 - INFO - hitting/api/bug/?pageIdx=1&sortDir=desc
19.11.2025, 22:06:05 - INFO - hitting/api/bug/?pageIdx=1&sortDir=desc
19.11.2025, 22:06:05 - INFO - hitting/api/bug/?pageIdx=1&sortDir=desc
19.11.2025, 22:06:06 - INFO - hitting/api/bug/?pageIdx=1&sortDir=desc
19.11.2025, 22:06:52 - INFO - hitting/api/bug/?pageIdx=1&sortDir=desc
19.11.2025, 22:06:52 - INFO - hitting/api/bug/?pageIdx=1&sortDir=desc
19.11.2025, 22:06:52 - INFO - hitting/api/bug/?pageIdx=1&sortDir=desc
19.11.2025, 22:06:54 - INFO - hitting/api/bug/?pageIdx=1&sortDir=desc
19.11.2025, 22:06:54 - INFO - hitting/api/bug/?pageIdx=1&sortDir=desc
19.11.2025, 22:06:54 - INFO - hitting/api/bug/?pageIdx=1&sortDir=desc
19.11.2025, 22:08:02 - INFO - hitting/api/bug/?pageIdx=1&sortDir=desc
19.11.2025, 22:08:02 - INFO - hitting/api/bug/?pageIdx=1&sortDir=desc
19.11.2025, 22:08:03 - INFO - hitting/api/bug/?pageIdx=1&sortDir=desc
19.11.2025, 22:13:18 - INFO - hitting/api/bug/?pageIdx=1&sortDir=desc
19.11.2025, 22:13:18 - INFO - hitting/api/bug/?pageIdx=1&sortDir=desc
19.11.2025, 22:13:19 - INFO - hitting/api/bug/?pageIdx=1&sortDir=desc
19.11.2025, 22:13:38 - INFO - hitting/api/bug/?pageIdx=1&sortDir=desc
19.11.2025, 22:13:38 - INFO - hitting/api/bug/?pageIdx=1&sortDir=desc
19.11.2025, 22:13:39 - INFO - hitting/api/bug/?pageIdx=1&sortDir=desc
19.11.2025, 22:17:15 - INFO - hitting/api/bug/?filterBy%5Btitle%5D=add&pageIdx=1&sortDir=desc
19.11.2025, 22:17:20 - INFO - hitting/api/bug/?filterBy%5Btitle%5D=Add&pageIdx=1&sortDir=desc
19.11.2025, 22:17:56 - INFO - hitting/api/bug/?pageIdx=1&sortDir=desc
19.11.2025, 22:17:56 - INFO - hitting/api/bug/?pageIdx=1&sortDir=desc
19.11.2025, 22:17:56 - INFO - hitting/api/bug/?pageIdx=1&sortDir=desc
19.11.2025, 22:17:58 - INFO - hitting/api/bug/?filterBy%5Btitle%5D=add&pageIdx=1&sortDir=desc
19.11.2025, 22:19:21 - INFO - hitting/api/bug/?filterBy%5Btitle%5D=&pageIdx=1&sortDir=desc
19.11.2025, 22:19:25 - INFO - hitting/api/bug/?filterBy%5Btitle%5D=&filterBy%5BseverityMin%5D=2&pageIdx=1&sortDir=desc
19.11.2025, 22:21:07 - INFO - hitting/api/bug/?pageIdx=1&sortDir=desc
19.11.2025, 22:21:07 - INFO - hitting/api/bug/?pageIdx=1&sortDir=desc
19.11.2025, 22:21:07 - INFO - hitting/api/bug/?pageIdx=1&sortDir=desc
19.11.2025, 22:21:11 - INFO - hitting/api/bug/?filterBy%5BseverityMin%5D=2&pageIdx=1&sortDir=desc
19.11.2025, 22:21:15 - INFO - hitting/api/bug/?filterBy%5BseverityMin%5D=1&pageIdx=1&sortDir=desc
19.11.2025, 22:21:44 - INFO - hitting/api/bug/?pageIdx=1&sortDir=desc
19.11.2025, 22:21:44 - INFO - hitting/api/bug/?pageIdx=1&sortDir=desc
19.11.2025, 22:21:44 - INFO - hitting/api/bug/?pageIdx=1&sortDir=desc
19.11.2025, 22:21:48 - INFO - hitting/api/bug/?filterBy%5Btitle%5D=Edit&pageIdx=1&sortDir=desc
19.11.2025, 22:22:23 - INFO - hitting/api/bug/?pageIdx=1&sortDir=desc
19.11.2025, 22:22:23 - INFO - hitting/api/bug/?pageIdx=1&sortDir=desc
19.11.2025, 22:22:24 - INFO - hitting/api/bug/?pageIdx=1&sortDir=desc
19.11.2025, 22:22:28 - INFO - hitting/api/bug/?filterBy%5Btitle%5D=Edit&pageIdx=1&sortDir=desc
19.11.2025, 22:22:45 - INFO - hitting/api/bug/?pageIdx=1&sortDir=desc
19.11.2025, 22:22:45 - INFO - hitting/api/bug/?pageIdx=1&sortDir=desc
19.11.2025, 22:22:45 - INFO - hitting/api/bug/?pageIdx=1&sortDir=desc
19.11.2025, 22:22:48 - INFO - hitting/api/bug/?pageIdx=2&sortDir=desc
19.11.2025, 22:22:49 - INFO - hitting/api/bug/?pageIdx=3&sortDir=desc
19.11.2025, 22:22:50 - INFO - hitting/api/bug/?pageIdx=4&sortDir=desc
19.11.2025, 22:22:52 - INFO - hitting/api/bug/?pageIdx=2&sortDir=desc
19.11.2025, 22:22:54 - INFO - hitting/api/bug/?pageIdx=1&sortDir=desc
19.11.2025, 22:22:55 - INFO - hitting/api/bug/?pageIdx=3&sortDir=desc
19.11.2025, 22:22:55 - INFO - hitting/api/bug/?pageIdx=2&sortDir=desc
19.11.2025, 22:22:56 - INFO - hitting/api/bug/?pageIdx=1&sortDir=desc
19.11.2025, 22:22:58 - INFO - hitting/api/bug/?pageIdx=2&sortDir=desc
19.11.2025, 22:22:59 - INFO - hitting/api/bug/?pageIdx=3&sortDir=desc
19.11.2025, 22:23:04 - INFO - hitting/api/bug/?pageIdx=2&sortDir=desc
19.11.2025, 22:23:05 - INFO - hitting/api/bug/?pageIdx=1&sortDir=desc
19.11.2025, 22:23:13 - INFO - hitting/api/bug/?pageIdx=2&sortDir=desc
19.11.2025, 22:23:14 - INFO - hitting/api/bug/?pageIdx=3&sortDir=desc
19.11.2025, 22:23:16 - INFO - hitting/api/bug/?pageIdx=1&sortDir=desc
19.11.2025, 22:23:17 - INFO - hitting/api/bug/?pageIdx=2&sortDir=desc
19.11.2025, 22:23:18 - INFO - hitting/api/bug/?pageIdx=4&sortDir=desc
19.11.2025, 22:23:20 - INFO - hitting/api/bug/?pageIdx=1&sortDir=desc
19.11.2025, 22:24:05 - INFO - hitting/api/bug/?filterBy%5Btitle%5D=Cannot&pageIdx=1&sortDir=desc
20.11.2025, 16:14:50 - INFO - hitting/api/bug/?pageIdx=1&sortDir=desc
20.11.2025, 16:14:50 - INFO - hitting/api/bug/?pageIdx=1&sortDir=desc
20.11.2025, 16:14:51 - INFO - hitting/api/bug/?pageIdx=1&sortDir=desc
20.11.2025, 16:14:52 - INFO - hitting/api/bug/?pageIdx=4&sortDir=desc
20.11.2025, 16:14:54 - INFO - hitting/api/bug/?pageIdx=1&sortDir=desc
20.11.2025, 16:14:56 - INFO - hitting/api/bug/?pageIdx=2&sortDir=desc
20.11.2025, 16:14:58 - INFO - hitting/api/bug/?pageIdx=1&sortDir=desc
20.11.2025, 16:15:00 - INFO - hitting/api/bug/?pageIdx=3&sortDir=desc
20.11.2025, 16:15:06 - INFO - hitting/api/bug/?pageIdx=1&sortDir=desc
20.11.2025, 16:22:18 - INFO - hitting/api/bug/?pageIdx=3&sortDir=desc
20.11.2025, 16:22:21 - INFO - hitting/api/bug/?sortBy=severity&pageIdx=3&sortDir=desc
20.11.2025, 16:22:21 - INFO - hitting/api/bug/?sortBy=severity&pageIdx=1&sortDir=desc
20.11.2025, 16:22:22 - INFO - hitting/api/bug/?sortBy=severity&pageIdx=2&sortDir=desc
20.11.2025, 16:22:25 - INFO - hitting/api/bug/?sortBy=severity&pageIdx=1&sortDir=desc
20.11.2025, 16:22:28 - INFO - hitting/api/bug/?sortBy=title&pageIdx=1&sortDir=desc
20.11.2025, 16:22:29 - INFO - hitting/api/bug/?sortBy=severity&pageIdx=1&sortDir=desc
20.11.2025, 16:22:29 - INFO - hitting/api/bug/?sortBy=title&pageIdx=1&sortDir=desc
20.11.2025, 16:22:31 - INFO - hitting/api/bug/?sortBy=title&pageIdx=2&sortDir=desc
20.11.2025, 16:22:32 - INFO - hitting/api/bug/?sortBy=title&pageIdx=3&sortDir=desc
20.11.2025, 16:22:34 - INFO - hitting/api/bug/?sortBy=title&pageIdx=2&sortDir=desc
20.11.2025, 16:22:35 - INFO - hitting/api/bug/?sortBy=title&pageIdx=1&sortDir=desc
20.11.2025, 16:27:04 - INFO - hitting/api/bug/?pageIdx=1&sortDir=desc
20.11.2025, 16:27:04 - INFO - hitting/api/bug/?pageIdx=1&sortDir=desc
20.11.2025, 16:27:05 - INFO - hitting/api/bug/?pageIdx=1&sortDir=desc
20.11.2025, 16:27:06 - INFO - hitting/api/bug/?pageIdx=2&sortDir=desc
20.11.2025, 16:27:07 - INFO - hitting/api/bug/?pageIdx=3&sortDir=desc
20.11.2025, 16:27:07 - INFO - hitting/api/bug/?pageIdx=4&sortDir=desc
20.11.2025, 16:27:09 - INFO - hitting/api/bug/?pageIdx=1&sortDir=desc
20.11.2025, 16:28:53 - INFO - hitting/api/bug/?filterBy%5Btitle%5D=App&pageIdx=1&sortDir=desc
20.11.2025, 16:28:58 - INFO - hitting/api/bug/?filterBy%5Btitle%5D=&pageIdx=1&sortDir=desc
20.11.2025, 16:28:58 - INFO - hitting/api/bug/k2p8v1
20.11.2025, 16:29:02 - INFO - hitting/api/bug/?pageIdx=1&sortDir=desc
20.11.2025, 16:29:02 - INFO - hitting/api/bug/?pageIdx=1&sortDir=desc
20.11.2025, 16:29:02 - INFO - hitting/api/bug/?pageIdx=1&sortDir=desc
20.11.2025, 16:29:06 - INFO - hitting/api/bug/k2p8v1
20.11.2025, 16:29:09 - INFO - hitting/api/bug/?pageIdx=1&sortDir=desc
20.11.2025, 16:29:09 - INFO - hitting/api/bug/?pageIdx=1&sortDir=desc
20.11.2025, 16:29:09 - INFO - hitting/api/bug/?pageIdx=1&sortDir=desc
20.11.2025, 16:29:41 - INFO - hitting/api/bug/?filterBy%5Blabels%5D%5B0%5D=CR&pageIdx=1&sortDir=desc
20.11.2025, 16:30:09 - INFO - hitting/api/bug/?filterBy%5Blabels%5D%5B0%5D=CR&filterBy%5Blabels%5D%5B1%5D=test1&pageIdx=1&sortDir=desc
20.11.2025, 16:30:12 - INFO - hitting/api/bug/?filterBy%5Blabels%5D%5B0%5D=CR&filterBy%5Blabels%5D%5B1%5D=t+est1&pageIdx=1&sortDir=desc
20.11.2025, 16:30:13 - INFO - hitting/api/bug/?filterBy%5Blabels%5D%5B0%5D=CR&filterBy%5Blabels%5D%5B1%5D=test1&pageIdx=1&sortDir=desc
20.11.2025, 16:30:14 - INFO - hitting/api/bug/?filterBy%5Blabels%5D%5B0%5D=CR&filterBy%5Blabels%5D%5B1%5D=test1&pageIdx=1&sortDir=desc
20.11.2025, 16:30:16 - INFO - hitting/api/bug/?filterBy%5Blabels%5D%5B0%5D=CR&filterBy%5Blabels%5D%5B1%5D=test1&pageIdx=1&sortDir=desc
20.11.2025, 16:30:17 - INFO - hitting/api/bug/?filterBy%5Blabels%5D%5B0%5D=CR&filterBy%5Blabels%5D%5B1%5D=test1&pageIdx=1&sortDir=desc
20.11.2025, 16:30:20 - INFO - hitting/api/bug/?filterBy%5Blabels%5D%5B0%5D=CR&filterBy%5Blabels%5D%5B1%5D=&pageIdx=1&sortDir=desc
20.11.2025, 16:30:23 - INFO - hitting/api/bug/?filterBy%5Blabels%5D=&pageIdx=1&sortDir=desc
20.11.2025, 16:30:26 - INFO - hitting/api/bug/?filterBy%5Blabels%5D%5B0%5D=test1&pageIdx=1&sortDir=desc
20.11.2025, 16:30:44 - INFO - hitting/api/bug/?filterBy%5Blabels%5D%5B0%5D=test1&filterBy%5Blabels%5D%5B1%5D=CR&pageIdx=1&sortDir=desc
20.11.2025, 16:31:36 - INFO - hitting/api/bug/?filterBy%5Blabels%5D=&pageIdx=1&sortDir=desc
20.11.2025, 16:31:39 - INFO - hitting/api/bug/?filterBy%5Blabels%5D=&filterBy%5BseverityMin%5D=3&pageIdx=1&sortDir=desc
20.11.2025, 16:31:43 - INFO - hitting/api/bug/?filterBy%5Blabels%5D=&filterBy%5BseverityMin%5D=2&pageIdx=1&sortDir=desc
20.11.2025, 16:31:46 - INFO - hitting/api/bug/?filterBy%5Blabels%5D=&filterBy%5BseverityMin%5D=1&pageIdx=1&sortDir=desc
20.11.2025, 16:31:56 - INFO - hitting/api/bug/?filterBy%5Blabels%5D=&filterBy%5BseverityMin%5D=4&pageIdx=1&sortDir=desc
20.11.2025, 16:31:59 - INFO - hitting/api/bug/?filterBy%5Blabels%5D=&filterBy%5BseverityMin%5D=1&pageIdx=1&sortDir=desc
20.11.2025, 16:32:02 - INFO - hitting/api/bug/?filterBy%5Blabels%5D=&filterBy%5BseverityMin%5D=1&filterBy%5BseverityMax%5D=3&pageIdx=1&sortDir=desc
20.11.2025, 16:32:05 - INFO - hitting/api/bug/?pageIdx=1&sortDir=desc
20.11.2025, 16:32:05 - INFO - hitting/api/bug/?pageIdx=1&sortDir=desc
20.11.2025, 16:32:06 - INFO - hitting/api/bug/?pageIdx=1&sortDir=desc
20.11.2025, 16:32:08 - INFO - hitting/api/bug/?filterBy%5BseverityMin%5D=2&pageIdx=1&sortDir=desc
20.11.2025, 16:32:57 - INFO - hitting/api/bug/?pageIdx=1&sortDir=desc
20.11.2025, 16:32:57 - INFO - hitting/api/bug/?pageIdx=1&sortDir=desc
20.11.2025, 16:32:58 - INFO - hitting/api/bug/?pageIdx=1&sortDir=desc
20.11.2025, 16:33:01 - INFO - hitting/api/bug/?pageIdx=2&sortDir=desc
20.11.2025, 16:33:03 - INFO - hitting/api/bug/?pageIdx=1&sortDir=desc
20.11.2025, 16:33:05 - INFO - hitting/api/bug/?pageIdx=2&sortDir=desc
20.11.2025, 16:33:07 - INFO - hitting/api/bug/?pageIdx=3&sortDir=desc
20.11.2025, 16:33:09 - INFO - hitting/api/bug/?pageIdx=4&sortDir=desc
20.11.2025, 16:33:10 - INFO - hitting/api/bug/?pageIdx=1&sortDir=desc
20.11.2025, 16:36:28 - INFO - hitting/api/bug/?pageIdx=1&sortDir=desc
20.11.2025, 16:36:28 - INFO - hitting/api/bug/?pageIdx=1&sortDir=desc
20.11.2025, 16:36:28 - INFO - hitting/api/bug/?pageIdx=1&sortDir=desc
20.11.2025, 16:36:31 - INFO - hitting/api/bug/?filterBy%5BseverityMin%5D=2&pageIdx=1&sortDir=desc
20.11.2025, 16:41:43 - INFO - hitting/api/bug/?pageIdx=1&sortDir=desc
20.11.2025, 16:41:43 - INFO - hitting/api/bug/?pageIdx=1&sortDir=desc
20.11.2025, 16:41:43 - INFO - hitting/api/bug/?pageIdx=1&sortDir=desc
20.11.2025, 16:41:46 - INFO - hitting/api/bug/?filterBy%5BseverityMin%5D=2&pageIdx=1&sortDir=desc
20.11.2025, 16:42:32 - INFO - hitting/api/bug/?pageIdx=1&sortDir=desc
20.11.2025, 16:42:32 - INFO - hitting/api/bug/?pageIdx=1&sortDir=desc
20.11.2025, 16:42:33 - INFO - hitting/api/bug/?pageIdx=1&sortDir=desc
20.11.2025, 16:42:36 - INFO - hitting/api/bug/?filterBy%5BseverityMin%5D=2&pageIdx=1&sortDir=desc
20.11.2025, 16:42:38 - INFO - hitting/api/bug/?filterBy%5BseverityMin%5D=2&pageIdx=2&sortDir=desc
20.11.2025, 16:42:40 - INFO - hitting/api/bug/?filterBy%5BseverityMin%5D=2&pageIdx=3&sortDir=desc
20.11.2025, 16:42:41 - INFO - hitting/api/bug/?filterBy%5BseverityMin%5D=2&pageIdx=2&sortDir=desc
20.11.2025, 16:42:41 - INFO - hitting/api/bug/?filterBy%5BseverityMin%5D=2&pageIdx=1&sortDir=desc
20.11.2025, 16:50:23 - INFO - hitting/api/bug/?pageIdx=1&sortDir=desc
20.11.2025, 16:50:23 - INFO - hitting/api/bug/?pageIdx=1&sortDir=desc
20.11.2025, 16:50:24 - INFO - hitting/api/bug/?pageIdx=1&sortDir=desc
20.11.2025, 16:50:25 - INFO - hitting/api/bug/?sortBy=severity&pageIdx=1&sortDir=desc
20.11.2025, 16:50:27 - INFO - hitting/api/bug/?sortBy=severity&pageIdx=2&sortDir=desc
20.11.2025, 16:50:28 - INFO - hitting/api/bug/?sortBy=severity&pageIdx=3&sortDir=desc
20.11.2025, 16:50:29 - INFO - hitting/api/bug/?sortBy=severity&pageIdx=4&sortDir=desc
20.11.2025, 16:50:31 - INFO - hitting/api/bug/?sortBy=severity&pageIdx=1&sortDir=desc
20.11.2025, 16:50:32 - INFO - hitting/api/bug/?sortBy=title&pageIdx=1&sortDir=desc
20.11.2025, 16:50:38 - INFO - hitting/api/bug/?sortBy=title&pageIdx=2&sortDir=desc
20.11.2025, 16:50:40 - INFO - hitting/api/bug/?sortBy=title&pageIdx=3&sortDir=desc
20.11.2025, 16:50:42 - INFO - hitting/api/bug/?sortBy=title&pageIdx=4&sortDir=desc
20.11.2025, 16:50:44 - INFO - hitting/api/bug/?sortBy=title&pageIdx=3&sortDir=desc
20.11.2025, 16:50:46 - INFO - hitting/api/bug/?sortBy=title&pageIdx=2&sortDir=desc
20.11.2025, 16:50:47 - INFO - hitting/api/bug/?sortBy=title&pageIdx=1&sortDir=desc
20.11.2025, 16:51:39 - INFO - hitting/api/bug/?sortBy=title&pageIdx=3&sortDir=desc
20.11.2025, 16:51:40 - INFO - hitting/api/bug/?sortBy=title&pageIdx=4&sortDir=desc
20.11.2025, 16:51:43 - INFO - hitting/api/bug/?sortBy=createdAt&pageIdx=4&sortDir=desc
20.11.2025, 16:51:43 - INFO - hitting/api/bug/?sortBy=createdAt&pageIdx=1&sortDir=desc
20.11.2025, 16:51:44 - INFO - hitting/api/bug/?sortBy=severity&pageIdx=1&sortDir=desc
20.11.2025, 16:51:46 - INFO - hitting/api/bug/?sortBy=severity&pageIdx=2&sortDir=desc
20.11.2025, 16:51:48 - INFO - hitting/api/bug/?sortBy=severity&pageIdx=3&sortDir=desc
20.11.2025, 16:51:49 - INFO - hitting/api/bug/?sortBy=severity&pageIdx=3&sortDir=asc
20.11.2025, 16:51:49 - INFO - hitting/api/bug/?sortBy=severity&pageIdx=1&sortDir=asc
20.11.2025, 16:51:51 - INFO - hitting/api/bug/?sortBy=severity&pageIdx=2&sortDir=asc
20.11.2025, 16:51:53 - INFO - hitting/api/bug/?sortBy=severity&pageIdx=3&sortDir=asc
20.11.2025, 16:51:54 - INFO - hitting/api/bug/?sortBy=severity&pageIdx=4&sortDir=asc
20.11.2025, 16:51:55 - INFO - hitting/api/bug/?sortBy=severity&pageIdx=1&sortDir=asc
20.11.2025, 16:51:56 - INFO - hitting/api/bug/?sortBy=severity&pageIdx=1&sortDir=desc
20.11.2025, 16:52:32 - INFO - hitting/api/bug/?sortBy=createdAt&pageIdx=1&sortDir=desc
20.11.2025, 16:52:33 - INFO - hitting/api/bug/?sortBy=title&pageIdx=1&sortDir=desc
20.11.2025, 16:52:35 - INFO - hitting/api/bug/?sortBy=title&pageIdx=2&sortDir=desc
20.11.2025, 16:52:38 - INFO - hitting/api/bug/?sortBy=title&pageIdx=3&sortDir=desc
20.11.2025, 16:52:39 - INFO - hitting/api/bug/?sortBy=title&pageIdx=1&sortDir=desc
20.11.2025, 16:56:11 - INFO - hitting/api/bug/?pageIdx=1&sortDir=desc
20.11.2025, 16:56:11 - INFO - hitting/api/bug/?pageIdx=1&sortDir=desc
20.11.2025, 16:56:12 - INFO - hitting/api/bug/?pageIdx=1&sortDir=desc
20.11.2025, 16:56:14 - INFO - hitting/api/bug/?sortBy=title&pageIdx=1&sortDir=desc
20.11.2025, 16:56:15 - INFO - hitting/api/bug/?sortBy=title&pageIdx=4&sortDir=desc
20.11.2025, 16:56:17 - INFO - hitting/api/bug/?sortBy=title&pageIdx=3&sortDir=desc
20.11.2025, 16:56:17 - INFO - hitting/api/bug/?sortBy=title&pageIdx=2&sortDir=desc
20.11.2025, 16:56:18 - INFO - hitting/api/bug/?sortBy=title&pageIdx=1&sortDir=desc
20.11.2025, 16:56:45 - INFO - hitting/api/bug/?pageIdx=1&sortDir=desc
20.11.2025, 16:56:45 - INFO - hitting/api/bug/?pageIdx=1&sortDir=desc
20.11.2025, 16:56:46 - INFO - hitting/api/bug/?pageIdx=1&sortDir=desc
20.11.2025, 16:56:47 - INFO - hitting/api/bug/?sortBy=title&pageIdx=1&sortDir=desc
20.11.2025, 16:59:24 - INFO - hitting/api/bug/?sortBy=title&pageIdx=1&sortDir=asc
20.11.2025, 16:59:26 - INFO - hitting/api/bug/?sortBy=title&pageIdx=1&sortDir=desc
20.11.2025, 16:59:26 - INFO - hitting/api/bug/?sortBy=title&pageIdx=1&sortDir=asc
20.11.2025, 16:59:27 - INFO - hitting/api/bug/?sortBy=title&pageIdx=1&sortDir=desc
20.11.2025, 17:02:42 - INFO - hitting/api/bug/
20.11.2025, 17:32:13 - INFO - hitting/api/bug/?pageIdx=1&sortDir=desc
20.11.2025, 17:32:13 - INFO - hitting/api/bug/?pageIdx=1&sortDir=desc
20.11.2025, 17:32:14 - INFO - hitting/api/bug/?pageIdx=1&sortDir=desc
20.11.2025, 18:08:30 - INFO - hitting/api/bug/?pageIdx=1&sortDir=desc
20.11.2025, 18:08:30 - INFO - hitting/api/bug/?pageIdx=1&sortDir=desc
20.11.2025, 18:08:30 - INFO - hitting/api/bug/?pageIdx=1&sortDir=desc
20.11.2025, 18:08:31 - INFO - hitting/api/bug/h5x1t2
20.11.2025, 18:08:50 - INFO - hitting/api/bug/h5x1t2
20.11.2025, 18:22:24 - INFO - hitting/api/bug/?pageIdx=1&sortDir=desc
20.11.2025, 18:24:27 - INFO - hitting/api/bug/?pageIdx=1&sortDir=desc
20.11.2025, 18:24:27 - INFO - hitting/api/bug/?pageIdx=1&sortDir=desc
20.11.2025, 18:24:27 - INFO - hitting/api/bug/?pageIdx=1&sortDir=desc
20.11.2025, 18:28:22 - INFO - hitting/api/bug/691f40bb19ac1423fd48b6f0
20.11.2025, 18:28:23 - INFO - hitting/api/bug/?pageIdx=1&sortDir=desc
20.11.2025, 18:28:23 - INFO - hitting/api/bug/?pageIdx=1&sortDir=desc
20.11.2025, 18:28:24 - INFO - hitting/api/bug/?pageIdx=1&sortDir=desc
20.11.2025, 18:28:25 - INFO - hitting/api/bug/?pageIdx=1&sortDir=desc
20.11.2025, 18:28:25 - INFO - hitting/api/bug/?pageIdx=1&sortDir=desc
20.11.2025, 18:28:25 - INFO - hitting/api/bug/?pageIdx=1&sortDir=desc
20.11.2025, 18:28:26 - INFO - hitting/api/bug/691f40bb19ac1423fd48b6f0
20.11.2025, 18:28:27 - INFO - hitting/api/bug/?pageIdx=1&sortDir=desc
20.11.2025, 18:28:27 - INFO - hitting/api/bug/?pageIdx=1&sortDir=desc
20.11.2025, 18:28:28 - INFO - hitting/api/bug/?pageIdx=1&sortDir=desc
20.11.2025, 18:30:03 - INFO - hitting/api/bug/691f40bb19ac1423fd48b6f2
20.11.2025, 18:30:58 - INFO - hitting/api/bug/?pageIdx=1&sortDir=desc
20.11.2025, 18:30:58 - INFO - hitting/api/bug/?pageIdx=1&sortDir=desc
20.11.2025, 18:30:59 - INFO - hitting/api/bug/?pageIdx=1&sortDir=desc
20.11.2025, 18:31:20 - INFO - hitting/api/bug/?pageIdx=1&sortDir=desc
20.11.2025, 18:31:20 - INFO - hitting/api/bug/?pageIdx=1&sortDir=desc
20.11.2025, 18:31:21 - INFO - hitting/api/bug/?pageIdx=1&sortDir=desc
20.11.2025, 18:31:22 - INFO - hitting/api/bug/691f40bb19ac1423fd48b6f2
20.11.2025, 18:32:36 - INFO - hitting/api/bug/?pageIdx=1&sortDir=desc
20.11.2025, 18:32:36 - INFO - hitting/api/bug/?pageIdx=1&sortDir=desc
20.11.2025, 18:32:36 - INFO - hitting/api/bug/?pageIdx=1&sortDir=desc
20.11.2025, 18:32:38 - INFO - hitting/api/bug/691f40bb19ac1423fd48b6f2
20.11.2025, 18:32:49 - INFO - hitting/api/bug/691f40bb19ac1423fd48b6f2
20.11.2025, 18:33:19 - INFO - hitting/api/bug/691f40bb19ac1423fd48b6f2
20.11.2025, 18:33:22 - INFO - hitting/api/bug/?pageIdx=2&sortDir=desc
20.11.2025, 18:33:23 - INFO - hitting/api/bug/?pageIdx=1&sortDir=desc
20.11.2025, 18:34:41 - INFO - hitting/api/bug/?pageIdx=1&sortDir=desc
20.11.2025, 18:34:41 - INFO - hitting/api/bug/?pageIdx=1&sortDir=desc
20.11.2025, 18:38:13 - INFO - hitting/api/bug/691f40bb19ac1423fd48b6f3
20.11.2025, 18:39:30 - INFO - hitting/api/bug/691f40bb19ac1423fd48b6f3
20.11.2025, 18:39:34 - INFO - hitting/api/bug/?pageIdx=1&sortDir=desc
20.11.2025, 18:39:34 - INFO - hitting/api/bug/?pageIdx=1&sortDir=desc
20.11.2025, 18:39:34 - INFO - hitting/api/bug/?pageIdx=1&sortDir=desc
20.11.2025, 18:50:15 - INFO - hitting/api/bug/
20.11.2025, 19:07:22 - INFO - hitting/api/bug/?pageIdx=1&sortDir=desc
20.11.2025, 19:07:22 - INFO - hitting/api/bug/?pageIdx=1&sortDir=desc
20.11.2025, 19:07:23 - INFO - hitting/api/bug/?pageIdx=1&sortDir=desc
20.11.2025, 19:07:27 - INFO - hitting/api/bug/?sortBy=severity&pageIdx=1&sortDir=desc
20.11.2025, 19:37:04 - INFO - hitting/api/bug/?pageIdx=1&sortDir=desc
20.11.2025, 19:37:04 - INFO - hitting/api/bug/?pageIdx=1&sortDir=desc
20.11.2025, 19:37:05 - INFO - hitting/api/bug/?pageIdx=1&sortDir=desc
24.11.2025, 15:24:08 - INFO - hitting/api/bug/?pageIdx=1&sortDir=desc
24.11.2025, 15:24:08 - INFO - hitting/api/bug/?pageIdx=1&sortDir=desc
24.11.2025, 15:24:09 - INFO - hitting/api/bug/?pageIdx=1&sortDir=desc
24.11.2025, 15:24:17 - INFO - hitting/api/bug/691f40bb19ac1423fd48b6f0
24.11.2025, 15:24:24 - INFO - hitting/api/bug/?pageIdx=1&sortDir=desc
24.11.2025, 15:24:24 - INFO - hitting/api/bug/?pageIdx=1&sortDir=desc
24.11.2025, 15:24:24 - INFO - hitting/api/bug/?pageIdx=1&sortDir=desc
24.11.2025, 15:34:56 - INFO - hitting/api/bug/?pageIdx=1&sortDir=desc
24.11.2025, 15:34:56 - INFO - hitting/api/bug/?pageIdx=1&sortDir=desc
24.11.2025, 15:34:57 - INFO - hitting/api/bug/?pageIdx=1&sortDir=desc
